10:38:22.904 INFO - Selenium build info: version: '3.4.0', revision: 'unknown'
10:38:22.905 INFO - Launching a standalone Selenium Server
2017-07-21 10:38:22.932:INFO::main: Logging initialized @337ms to org.seleniumhq.jetty9.util.log.StdErrLog
10:38:23.003 INFO - Driver class not found: com.opera.core.systems.OperaDriver
10:38:23.004 INFO - Driver provider com.opera.core.systems.OperaDriver registration is skipped:
Unable to create new instances on this machine.
10:38:23.004 INFO - Driver class not found: com.opera.core.systems.OperaDriver
10:38:23.004 INFO - Driver provider com.opera.core.systems.OperaDriver is not registered
10:38:23.006 INFO - Driver provider org.openqa.selenium.safari.SafariDriver registration is skipped:
 registration capabilities Capabilities [{browserName=safari, version=, platform=MAC}] does not match the current platform WIN10
2017-07-21 10:38:23.066:INFO:osjs.Server:main: jetty-9.4.3.v20170317
2017-07-21 10:38:23.116:INFO:osjsh.ContextHandler:main: Started o.s.j.s.ServletContextHandler@61832929{/,null,AVAILABLE}
2017-07-21 10:38:23.147:INFO:osjs.AbstractConnector:main: Started ServerConnector@3c0ecd4b{HTTP/1.1,[http/1.1]}{0.0.0.0:4444}
2017-07-21 10:38:23.148:INFO:osjs.Server:main: Started @553ms
10:38:23.148 INFO - Selenium Server is up and running
10:38:23.591 INFO - SessionCleaner initialized with insideBrowserTimeout 0 and clientGoneTimeout 1800000 polling every 180000
10:38:23.625 INFO - Executing: [new session: Capabilities [{acceptSslCerts=true, name=Test, browserName=chrome, javascriptEnabled=true, platform=ANY}]])
10:38:23.751 INFO - Creating a new session for Capabilities [{acceptSslCerts=true, name=Test, browserName=chrome, javascriptEnabled=true, platform=ANY}]
Starting ChromeDriver 2.30.477700 (0057494ad8732195794a7b32078424f92a5fce41) on port 13609
Only local connections are allowed.
10:38:26.447 INFO - Detected dialect: OSS
10:38:26.468 INFO - Done: [new session: Capabilities [{acceptSslCerts=true, name=Test, browserName=chrome, javascriptEnabled=true, platform=ANY}]]
10:38:26.490 INFO - Executing: [get: http://localhost:8080])
10:38:26.859 INFO - Done: [get: http://localhost:8080]
10:38:26.869 INFO - Executing: [find elements: By.cssSelector: #app])
10:38:26.923 INFO - Done: [find elements: By.cssSelector: #app]
10:38:26.929 INFO - Executing: [is displayed: 0 [[ChromeDriver: chrome on XP (9b85dc1844cc697167175e35e5825351)] -> css selector: #app]])
10:38:26.986 INFO - Done: [is displayed: 0 [[ChromeDriver: chrome on XP (9b85dc1844cc697167175e35e5825351)] -> css selector: #app]]
10:38:26.996 INFO - Executing: [find elements: By.cssSelector: .hello])
10:38:27.019 INFO - Done: [find elements: By.cssSelector: .hello]
10:38:27.029 INFO - Executing: [find element: By.cssSelector: h1])
10:38:27.059 INFO - Done: [find element: By.cssSelector: h1]
10:38:27.065 INFO - Executing: [get text: 2 [[ChromeDriver: chrome on XP (9b85dc1844cc697167175e35e5825351)] -> css selector: h1]])
10:38:27.097 INFO - Done: [get text: 2 [[ChromeDriver: chrome on XP (9b85dc1844cc697167175e35e5825351)] -> css selector: h1]]
10:38:27.109 INFO - Executing: [execute script: var passedArgs = Array.prototype.slice.call(arguments,0); return function (selector) {
      return document.querySelectorAll(selector).length;
    }.apply(window, passedArgs);, [img]])
10:38:27.118 INFO - Done: [execute script: var passedArgs = Array.prototype.slice.call(arguments,0); return function (selector) {
      return document.querySelectorAll(selector).length;
    }.apply(window, passedArgs);, [img]]
10:38:27.127 INFO - Executing: [delete session: 564b8d43-763a-4a99-ba46-494c4639c389])
10:38:28.131 INFO - Done: [delete session: 564b8d43-763a-4a99-ba46-494c4639c389]
